Sun, 17 Dec 2017 23:43:11 main.py[line:113] INFO Start:
Sun, 17 Dec 2017 23:43:22 main.py[line:59] DEBUG load:0.0812225341796875
Sun, 17 Dec 2017 23:43:30 main.py[line:61] DEBUG run:7.876826524734497
Sun, 17 Dec 2017 23:43:30 main.py[line:59] DEBUG load:0.08453154563903809
Sun, 17 Dec 2017 23:43:37 main.py[line:61] DEBUG run:7.461005687713623
Sun, 17 Dec 2017 23:43:37 main.py[line:59] DEBUG load:0.0846560001373291
Sun, 17 Dec 2017 23:43:45 main.py[line:61] DEBUG run:7.812994718551636
Sun, 17 Dec 2017 23:43:46 main.py[line:90] DEBUG decode:0.05288577079772949
Sun, 17 Dec 2017 23:43:47 load_image.py[line:87] INFO ./display/0
Sun, 17 Dec 2017 23:43:47 load_image.py[line:88] INFO 4.702279338497794
Sun, 17 Dec 2017 23:43:47 main.py[line:92] DEBUG displaytime:0.07821202278137207
Sun, 17 Dec 2017 23:43:48 main.py[line:90] DEBUG decode:0.07606625556945801
Sun, 17 Dec 2017 23:43:48 load_image.py[line:87] INFO ./display/1
Sun, 17 Dec 2017 23:43:48 load_image.py[line:88] INFO 4.702279338497794
Sun, 17 Dec 2017 23:43:48 main.py[line:92] DEBUG displaytime:0.059641122817993164
Sun, 17 Dec 2017 23:43:49 main.py[line:90] DEBUG decode:0.04842114448547363
Sun, 17 Dec 2017 23:43:49 load_image.py[line:87] INFO ./display/2
Sun, 17 Dec 2017 23:43:49 load_image.py[line:88] INFO 4.702279338497794
Sun, 17 Dec 2017 23:43:49 main.py[line:92] DEBUG displaytime:0.05290842056274414
Sun, 17 Dec 2017 23:43:49 main.py[line:137] INFO Epoch 1 of 20 took 27.779435873031616s
Sun, 17 Dec 2017 23:43:49 main.py[line:138] INFO   learning rate:                 0.0001
Sun, 17 Dec 2017 23:43:49 main.py[line:139] INFO   training loss:                 28622.9726563
Sun, 17 Dec 2017 23:43:49 main.py[line:140] INFO   validation loss:               98736984.0
Sun, 17 Dec 2017 23:43:50 main.py[line:59] DEBUG load:0.09997057914733887
Sun, 17 Dec 2017 23:43:57 main.py[line:61] DEBUG run:7.873931646347046
Sun, 17 Dec 2017 23:43:58 main.py[line:59] DEBUG load:0.1003262996673584
Sun, 17 Dec 2017 23:44:05 main.py[line:61] DEBUG run:7.4790990352630615
Sun, 17 Dec 2017 23:44:05 main.py[line:59] DEBUG load:0.11339426040649414
Sun, 17 Dec 2017 23:44:13 main.py[line:61] DEBUG run:7.907110929489136
Sun, 17 Dec 2017 23:44:14 main.py[line:90] DEBUG decode:0.05340075492858887
Sun, 17 Dec 2017 23:44:14 load_image.py[line:87] INFO ./display/0
Sun, 17 Dec 2017 23:44:14 load_image.py[line:88] INFO 4.702282289069605
Sun, 17 Dec 2017 23:44:14 main.py[line:92] DEBUG displaytime:0.06251668930053711
Sun, 17 Dec 2017 23:44:16 main.py[line:90] DEBUG decode:0.059192657470703125
Sun, 17 Dec 2017 23:44:16 load_image.py[line:87] INFO ./display/1
Sun, 17 Dec 2017 23:44:16 load_image.py[line:88] INFO 4.702282289069605
Sun, 17 Dec 2017 23:44:16 main.py[line:92] DEBUG displaytime:0.06252217292785645
Sun, 17 Dec 2017 23:44:17 main.py[line:90] DEBUG decode:0.05392909049987793
Sun, 17 Dec 2017 23:44:17 load_image.py[line:87] INFO ./display/2
Sun, 17 Dec 2017 23:44:17 load_image.py[line:88] INFO 4.702282289069605
Sun, 17 Dec 2017 23:44:17 main.py[line:92] DEBUG displaytime:0.0690147876739502
Sun, 17 Dec 2017 23:44:17 main.py[line:137] INFO Epoch 2 of 20 took 27.845865488052368s
Sun, 17 Dec 2017 23:44:17 main.py[line:138] INFO   learning rate:                 0.0001
Sun, 17 Dec 2017 23:44:17 main.py[line:139] INFO   training loss:                 15635.3164063
Sun, 17 Dec 2017 23:44:17 main.py[line:140] INFO   validation loss:               127572624.0
Sun, 17 Dec 2017 23:44:17 main.py[line:59] DEBUG load:0.14715194702148438
Sun, 17 Dec 2017 23:44:25 main.py[line:61] DEBUG run:7.50247049331665
Sun, 17 Dec 2017 23:44:25 main.py[line:59] DEBUG load:0.08466982841491699
Sun, 17 Dec 2017 23:44:33 main.py[line:61] DEBUG run:7.673450708389282
Sun, 17 Dec 2017 23:44:33 main.py[line:59] DEBUG load:0.07710576057434082
Sun, 17 Dec 2017 23:44:41 main.py[line:61] DEBUG run:8.06870985031128
Sun, 17 Dec 2017 23:44:42 main.py[line:90] DEBUG decode:0.06405067443847656
Sun, 17 Dec 2017 23:44:42 load_image.py[line:87] INFO ./display/0
Sun, 17 Dec 2017 23:44:42 load_image.py[line:88] INFO 4.702282381408653
Sun, 17 Dec 2017 23:44:42 main.py[line:92] DEBUG displaytime:0.06704974174499512
Sun, 17 Dec 2017 23:44:44 main.py[line:90] DEBUG decode:0.06404542922973633
Sun, 17 Dec 2017 23:44:44 load_image.py[line:87] INFO ./display/1
Sun, 17 Dec 2017 23:44:44 load_image.py[line:88] INFO 4.702282381408653
Sun, 17 Dec 2017 23:44:44 main.py[line:92] DEBUG displaytime:0.05704045295715332
Sun, 17 Dec 2017 23:44:45 main.py[line:90] DEBUG decode:0.06354784965515137
Sun, 17 Dec 2017 23:44:45 load_image.py[line:87] INFO ./display/2
Sun, 17 Dec 2017 23:44:45 load_image.py[line:88] INFO 4.702282381408653
Sun, 17 Dec 2017 23:44:45 main.py[line:92] DEBUG displaytime:0.060544490814208984
Sun, 17 Dec 2017 23:44:45 main.py[line:137] INFO Epoch 3 of 20 took 28.037882804870605s
Sun, 17 Dec 2017 23:44:45 main.py[line:138] INFO   learning rate:                 0.0001
Sun, 17 Dec 2017 23:44:45 main.py[line:139] INFO   training loss:                 12365.8385417
Sun, 17 Dec 2017 23:44:45 main.py[line:140] INFO   validation loss:               105567536.0
Sun, 17 Dec 2017 23:44:45 main.py[line:59] DEBUG load:0.11208367347717285
Sun, 17 Dec 2017 23:44:53 main.py[line:61] DEBUG run:7.996165752410889
Sun, 17 Dec 2017 23:44:54 main.py[line:59] DEBUG load:0.09959101676940918
Sun, 17 Dec 2017 23:45:01 main.py[line:61] DEBUG run:7.74257230758667
Sun, 17 Dec 2017 23:45:01 main.py[line:59] DEBUG load:0.12239837646484375
Sun, 17 Dec 2017 23:45:09 main.py[line:61] DEBUG run:7.41758918762207
Sun, 17 Dec 2017 23:45:10 main.py[line:90] DEBUG decode:0.0529325008392334
Sun, 17 Dec 2017 23:45:10 load_image.py[line:87] INFO ./display/0
Sun, 17 Dec 2017 23:45:10 load_image.py[line:88] INFO 4.702282192445344
Sun, 17 Dec 2017 23:45:10 main.py[line:92] DEBUG displaytime:0.05757713317871094
Sun, 17 Dec 2017 23:45:12 main.py[line:90] DEBUG decode:0.04938173294067383
Sun, 17 Dec 2017 23:45:12 load_image.py[line:87] INFO ./display/1
Sun, 17 Dec 2017 23:45:12 load_image.py[line:88] INFO 4.702282192445344
Sun, 17 Dec 2017 23:45:12 main.py[line:92] DEBUG displaytime:0.07444167137145996
Sun, 17 Dec 2017 23:45:13 main.py[line:90] DEBUG decode:0.04931235313415527
Sun, 17 Dec 2017 23:45:13 load_image.py[line:87] INFO ./display/2
Sun, 17 Dec 2017 23:45:13 load_image.py[line:88] INFO 4.702282192445344
Sun, 17 Dec 2017 23:45:13 main.py[line:92] DEBUG displaytime:0.06250214576721191
Sun, 17 Dec 2017 23:45:13 main.py[line:137] INFO Epoch 4 of 20 took 27.63791799545288s
Sun, 17 Dec 2017 23:45:13 main.py[line:138] INFO   learning rate:                 0.0001
Sun, 17 Dec 2017 23:45:13 main.py[line:139] INFO   training loss:                 10468.7825521
Sun, 17 Dec 2017 23:45:13 main.py[line:140] INFO   validation loss:               78594432.0
Sun, 17 Dec 2017 23:45:13 main.py[line:59] DEBUG load:0.08463525772094727
Sun, 17 Dec 2017 23:45:21 main.py[line:61] DEBUG run:7.879674196243286
Sun, 17 Dec 2017 23:45:21 main.py[line:59] DEBUG load:0.1002800464630127
Sun, 17 Dec 2017 23:45:29 main.py[line:61] DEBUG run:7.529759407043457
Sun, 17 Dec 2017 23:45:29 main.py[line:59] DEBUG load:0.10503029823303223
Sun, 17 Dec 2017 23:45:36 main.py[line:61] DEBUG run:7.780085802078247
Sun, 17 Dec 2017 23:45:38 main.py[line:90] DEBUG decode:0.04677939414978027
Sun, 17 Dec 2017 23:45:38 load_image.py[line:87] INFO ./display/0
Sun, 17 Dec 2017 23:45:38 load_image.py[line:88] INFO 4.702282199127432
Sun, 17 Dec 2017 23:45:38 main.py[line:92] DEBUG displaytime:0.07350921630859375
Sun, 17 Dec 2017 23:45:39 main.py[line:90] DEBUG decode:0.0533907413482666
Sun, 17 Dec 2017 23:45:39 load_image.py[line:87] INFO ./display/1
Sun, 17 Dec 2017 23:45:39 load_image.py[line:88] INFO 4.702282199127432
Sun, 17 Dec 2017 23:45:39 main.py[line:92] DEBUG displaytime:0.0680394172668457
Sun, 17 Dec 2017 23:45:41 main.py[line:90] DEBUG decode:0.06885886192321777
Sun, 17 Dec 2017 23:45:41 load_image.py[line:87] INFO ./display/2
Sun, 17 Dec 2017 23:45:41 load_image.py[line:88] INFO 4.702282199127432
Sun, 17 Dec 2017 23:45:41 main.py[line:92] DEBUG displaytime:0.054587602615356445
Sun, 17 Dec 2017 23:45:41 main.py[line:137] INFO Epoch 5 of 20 took 27.67370843887329s
Sun, 17 Dec 2017 23:45:41 main.py[line:138] INFO   learning rate:                 0.0001
Sun, 17 Dec 2017 23:45:41 main.py[line:139] INFO   training loss:                 8885.87760417
Sun, 17 Dec 2017 23:45:41 main.py[line:140] INFO   validation loss:               56561328.0
Sun, 17 Dec 2017 23:45:41 main.py[line:59] DEBUG load:0.11276888847351074
